[debug] [2024-07-02T17:47:59.700Z] ----------------------------------------------------------------------
[debug] [2024-07-02T17:47:59.705Z] Command:       C:\Program Files\nodejs\node.exe C:\Users\poulo\AppData\Roaming\npm\node_modules\firebase-tools\lib\bin\firebase.js init
[debug] [2024-07-02T17:47:59.706Z] CLI Version:   13.12.0
[debug] [2024-07-02T17:47:59.706Z] Platform:      win32
[debug] [2024-07-02T17:47:59.707Z] Node Version:  v20.15.0
[debug] [2024-07-02T17:47:59.707Z] Time:          Tue Jul 02 2024 23:17:59 GMT+0530 (India Standard Time)
[debug] [2024-07-02T17:47:59.707Z] ----------------------------------------------------------------------
[debug] 
[debug] [2024-07-02T17:47:59.715Z] > command requires scopes: ["email","openid","https://www.googleapis.com/auth/cloudplatformprojects.readonly","https://www.googleapis.com/auth/firebase","https://www.googleapis.com/auth/cloud-platform"]
[debug] [2024-07-02T17:47:59.716Z] > authorizing via signed-in user (poulosekutty0@gmail.com)
[info] 
     ######## #### ########  ######## ########     ###     ######  ########
     ##        ##  ##     ## ##       ##     ##  ##   ##  ##       ##
     ######    ##  ########  ######   ########  #########  ######  ######
     ##        ##  ##    ##  ##       ##     ## ##     ##       ## ##
     ##       #### ##     ## ######## ########  ##     ##  ######  ########

You're about to initialize a Firebase project in this directory:

  D:\Workspace\jinspeter.com

[info] 
=== Project Setup
[info] 
[info] First, let's associate this project directory with a Firebase project.
[info] You can create multiple project aliases by running firebase use --add, 
[info] but for now we'll just set up a default project.
[info] 
[debug] [2024-07-02T17:48:13.303Z] >>> [apiv2][query] GET https://firebase.googleapis.com/v1beta1/projects pageSize=100
[debug] [2024-07-02T17:48:14.507Z] <<< [apiv2][status] GET https://firebase.googleapis.com/v1beta1/projects 200
[debug] [2024-07-02T17:48:14.507Z] <<< [apiv2][body] GET https://firebase.googleapis.com/v1beta1/projects [omitted]
[info] i  Using project jinspeterwebsite (JinsPeterWebSite) 
[info] 
=== Hosting Setup
[debug] [2024-07-02T17:48:17.714Z] >>> [apiv2][query] GET https://firebase.googleapis.com/v1beta1/projects/jinspeterwebsite [none]
[debug] [2024-07-02T17:48:18.407Z] <<< [apiv2][status] GET https://firebase.googleapis.com/v1beta1/projects/jinspeterwebsite 200
[debug] [2024-07-02T17:48:18.407Z] <<< [apiv2][body] GET https://firebase.googleapis.com/v1beta1/projects/jinspeterwebsite {"projectId":"jinspeterwebsite","projectNumber":"522370803523","displayName":"JinsPeterWebSite","name":"projects/jinspeterwebsite","resources":{"hostingSite":"jinspeterwebsite","realtimeDatabaseInstance":"jinspeterwebsite","storageBucket":"jinspeterwebsite.appspot.com","locationId":"us-central"},"state":"ACTIVE","etag":"1_258ca829-088e-441f-9d99-301b811ad7d1"}
[info] 
[info] Your public directory is the folder (relative to your project directory) that
[info] will contain Hosting assets to be uploaded with firebase deploy. If you
[info] have a build process for your assets, use your build's output directory.
[info] 
